<?xml version="1.0" encoding="UTF-8"?>
<!-- Generated by org.testng.reporters.JUnitReportReporter -->
<testsuite hostname="LAPTOP-9B5SK5LD" failures="0" tests="4" name="org.Practice.Mavenpractice2Test" time="0.046" errors="0" timestamp="17 Jul 2022 21:39:24 GMT">
  <testcase classname="org.Practice.Mavenpractice2Test" name="mvnsample3" time="0.006"/>
  <testcase classname="org.Practice.Mavenpractice2Test" name="mvnsample" time="0.018"/>
  <testcase classname="org.Practice.Mavenpractice2Test" name="mvnsample1" time="0.012"/>
  <testcase classname="org.Practice.Mavenpractice2Test" name="mvnsample2" time="0.010"/>
</testsuite> <!-- org.Practice.Mavenpractice2Test -->
